c:\users\stevan\desktop\ikp_project\ikp_pubsubengine\common\x64\debug\common.pch
c:\users\stevan\desktop\ikp_project\ikp_pubsubengine\common\x64\debug\common.pdb
c:\users\stevan\desktop\ikp_project\ikp_pubsubengine\common\x64\debug\common.idb
c:\users\stevan\desktop\ikp_project\ikp_pubsubengine\common\x64\debug\pch.obj
c:\users\stevan\desktop\ikp_project\ikp_pubsubengine\common\x64\debug\topichangelist.obj
c:\users\stevan\desktop\ikp_project\ikp_pubsubengine\common\x64\debug\subscriber.obj
c:\users\stevan\desktop\ikp_project\ikp_pubsubengine\common\x64\debug\publisher.obj
c:\users\stevan\desktop\ikp_project\ikp_pubsubengine\common\x64\debug\keyvaluepair.obj
c:\users\stevan\desktop\ikp_project\ikp_pubsubengine\common\x64\debug\interface.obj
c:\users\stevan\desktop\ikp_project\ikp_pubsubengine\common\x64\debug\data.obj
c:\users\stevan\desktop\ikp_project\ikp_pubsubengine\common\x64\debug\customcommunication.obj
c:\users\stevan\desktop\ikp_project\ikp_pubsubengine\common\x64\debug\common.obj
c:\users\stevan\desktop\ikp_project\ikp_pubsubengine\x64\debug\common.lib
c:\users\stevan\desktop\ikp_project\ikp_pubsubengine\x64\debug\common.pdb
c:\users\stevan\desktop\ikp_project\ikp_pubsubengine\common\x64\debug\common.tlog\cl.command.1.tlog
c:\users\stevan\desktop\ikp_project\ikp_pubsubengine\common\x64\debug\common.tlog\cl.read.1.tlog
c:\users\stevan\desktop\ikp_project\ikp_pubsubengine\common\x64\debug\common.tlog\cl.write.1.tlog
c:\users\stevan\desktop\ikp_project\ikp_pubsubengine\common\x64\debug\common.tlog\lib-link.read.1.tlog
c:\users\stevan\desktop\ikp_project\ikp_pubsubengine\common\x64\debug\common.tlog\lib-link.write.1.tlog
c:\users\stevan\desktop\ikp_project\ikp_pubsubengine\common\x64\debug\common.tlog\lib.command.1.tlog
